<?xml version="1.0" encoding="UTF-8"?>
<testsuite xmlns:xsi="http://www.w3.org/2001/XMLSchema-instance" xsi:schemaLocation="https://maven.apache.org/surefire/maven-surefire-plugin/xsd/surefire-test-report.xsd" name="testselector.TestSelector" time="2.01" tests="50" errors="0" skipped="3" failures="0">
  <properties>
    <property name="java.runtime.name" value="Java(TM) SE Runtime Environment"/>
    <property name="sun.boot.library.path" value="C:\Program Files\Java\jdk1.8.0_201\jre\bin"/>
    <property name="java.vm.version" value="25.201-b09"/>
    <property name="java.vm.vendor" value="Oracle Corporation"/>
    <property name="maven.multiModuleProjectDirectory" value="C:\Users\Dario\IdeaProjects\whatTests"/>
    <property name="java.vendor.url" value="http://java.oracle.com/"/>
    <property name="path.separator" value=";"/>
    <property name="guice.disable.misplaced.annotation.check" value="true"/>
    <property name="java.vm.name" value="Java HotSpot(TM) 64-Bit Server VM"/>
    <property name="file.encoding.pkg" value="sun.io"/>
    <property name="user.script" value=""/>
    <property name="user.country" value="IT"/>
    <property name="sun.java.launcher" value="SUN_STANDARD"/>
    <property name="sun.os.patch.level" value=""/>
    <property name="java.vm.specification.name" value="Java Virtual Machine Specification"/>
    <property name="user.dir" value="C:\Users\Dario\IdeaProjects\whatTests"/>
    <property name="java.runtime.version" value="1.8.0_201-b09"/>
    <property name="java.awt.graphicsenv" value="sun.awt.Win32GraphicsEnvironment"/>
    <property name="java.endorsed.dirs" value="C:\Program Files\Java\jdk1.8.0_201\jre\lib\endorsed"/>
    <property name="os.arch" value="amd64"/>
    <property name="java.io.tmpdir" value="C:\Users\Dario\AppData\Local\Temp\"/>
    <property name="line.separator" value="&#10;"/>
    <property name="java.vm.specification.vendor" value="Oracle Corporation"/>
    <property name="user.variant" value=""/>
    <property name="os.name" value="Windows 10"/>
    <property name="maven.ext.class.path" value="C:\Program Files\JetBrains\IntelliJ IDEA Community Edition 2018.3.5\plugins\maven\lib\maven-event-listener.jar"/>
    <property name="classworlds.conf" value="C:\Program Files\JetBrains\IntelliJ IDEA Community Edition 2018.3.5\plugins\maven\lib\maven3\bin\m2.conf"/>
    <property name="sun.jnu.encoding" value="Cp1252"/>
    <property name="java.library.path" value="C:\Program Files\Java\jdk1.8.0_201\bin;C:\WINDOWS\Sun\Java\bin;C:\WINDOWS\system32;C:\WINDOWS;C:\Program Files (x86)\Common Files\Oracle\Java\javapath;C:\WINDOWS\system32;C:\WINDOWS;C:\WINDOWS\System32\Wbem;C:\WINDOWS\System32\WindowsPowerShell\v1.0\;C:\WINDOWS\System32\OpenSSH\;C:\Program Files\Git\cmd;C:\Program Files\PuTTY\;C:\sonarqube\sonarqube-8.0\bin\;C:\sonarqube\sonarqube-8.0\bin\windows-x86-64;C:\Users\Dario\Downloads\UnxUtils\usr\local\wbin;C:\Users\Dario\AppData\Local\Microsoft\WindowsApps;C:\Program Files\JetBrains\IntelliJ IDEA Community Edition 2018.3.5\bin;;D:\sonar-scanner-4.2.0.1873-windows\bin;D:\sonarqube\sonarqube-8.0\bin\windows-x86-64;C:\Users\Dario\Downloads\UnxUtils\usr\local\wbin;;."/>
    <property name="maven.conf" value="C:\Program Files\JetBrains\IntelliJ IDEA Community Edition 2018.3.5\plugins\maven\lib\maven3/conf"/>
    <property name="java.specification.name" value="Java Platform API Specification"/>
    <property name="java.class.version" value="52.0"/>
    <property name="sun.management.compiler" value="HotSpot 64-Bit Tiered Compilers"/>
    <property name="os.version" value="10.0"/>
    <property name="user.home" value="C:\Users\Dario"/>
    <property name="user.timezone" value="Europe/Berlin"/>
    <property name="java.awt.printerjob" value="sun.awt.windows.WPrinterJob"/>
    <property name="java.specification.version" value="1.8"/>
    <property name="file.encoding" value="UTF-8"/>
    <property name="idea.version2019.2.4" value="true"/>
    <property name="user.name" value="Dario"/>
    <property name="java.class.path" value="C:\Program Files\JetBrains\IntelliJ IDEA Community Edition 2018.3.5\plugins\maven\lib\maven3\boot\plexus-classworlds-2.6.0.jar"/>
    <property name="java.vm.specification.version" value="1.8"/>
    <property name="sun.arch.data.model" value="64"/>
    <property name="java.home" value="C:\Program Files\Java\jdk1.8.0_201\jre"/>
    <property name="sun.java.command" value="org.codehaus.classworlds.Launcher -Didea.version2019.2.4 install"/>
    <property name="java.specification.vendor" value="Oracle Corporation"/>
    <property name="user.language" value="it"/>
    <property name="awt.toolkit" value="sun.awt.windows.WToolkit"/>
    <property name="java.vm.info" value="mixed mode"/>
    <property name="java.version" value="1.8.0_201"/>
    <property name="java.ext.dirs" value="C:\Program Files\Java\jdk1.8.0_201\jre\lib\ext;C:\WINDOWS\Sun\Java\lib\ext"/>
    <property name="sun.boot.class.path" value="C:\Program Files\Java\jdk1.8.0_201\jre\lib\resources.jar;C:\Program Files\Java\jdk1.8.0_201\jre\lib\rt.jar;C:\Program Files\Java\jdk1.8.0_201\jre\lib\sunrsasign.jar;C:\Program Files\Java\jdk1.8.0_201\jre\lib\jsse.jar;C:\Program Files\Java\jdk1.8.0_201\jre\lib\jce.jar;C:\Program Files\Java\jdk1.8.0_201\jre\lib\charsets.jar;C:\Program Files\Java\jdk1.8.0_201\jre\lib\jfr.jar;C:\Program Files\Java\jdk1.8.0_201\jre\classes"/>
    <property name="java.vendor" value="Oracle Corporation"/>
    <property name="maven.home" value="C:\Program Files\JetBrains\IntelliJ IDEA Community Edition 2018.3.5\plugins\maven\lib\maven3"/>
    <property name="file.separator" value="\"/>
    <property name="java.vendor.url.bug" value="http://bugreport.sun.com/bugreport/"/>
    <property name="sun.cpu.endian" value="little"/>
    <property name="sun.io.unicode.encoding" value="UnicodeLittle"/>
    <property name="sun.desktop" value="windows"/>
    <property name="sun.cpu.isalist" value="amd64"/>
  </properties>
  <testcase name="testStaticAnalyses" classname="testselector.TestSelector$testStaticAnalyses" time="0">
    <skipped message="will fail: for the static analyses of the code, see issue #14: https://gitlab.com/DarioAmorosodAragona/whatTests/issues/14"/>
    <system-err><![CDATA[[main] INFO testselector.project.Project - Soot loading necessary classes
[main] INFO testselector.project.Project - Soot loading necessary classes
[main] INFO testselector.project.Project - rta call graph building...
[main] INFO testselector.testselector.FromTheBottom - The method: sootTest.FirstClass.foo has been marked has modified because the method in his hierarchy sootTest.FirstClass.foo has been deleted
[main] INFO testselector.testselector.FromTheBottom - The method: sootTest.ThirdClass.foo has been marked has modified because the method in his hierarchy sootTest.ThirdClass.foo has been deleted
[main] INFO testselector.testselector.FromTheBottom - The method: ExtendedClass2.<init> has been marked has modified because the method in his hierarchy ExtendedClass2.<init> has been deleted
[main] INFO testselector.testselector.FromTheBottom - comparing the two test suite to see if there are differents tests
[main] INFO testselector.testselector.FromTheBottom - The test: sootexampleTest.differentTest has been added because it is in both versions of the project but has been changed
[main] INFO testselector.testselector.FromTheBottom - The test: setUpChange.toAddForChangeInSetUpDifferent has been added because it is in both versions of the project but has been changed
[main] INFO testselector.testselector.FromTheBottom - comparing the two classes to see if the constructors are equals
[main] INFO testselector.testselector.FromTheBottom - Start to analyze the graph
[main] INFO testselector.testselector.FromTheBottom - Finished to analyze the graph
]]></system-err>
  </testcase>
  <testcase name="testTestCallAnotherTest" classname="testselector.TestSelector$testTestCallAnotherTest" time="0"/>
  <testcase name="testInitCallDM" classname="testselector.TestSelector$testInit" time="0"/>
  <testcase name="testTearDownCall" classname="testselector.TestSelector$testTearDownCall" time="0"/>
  <testcase name="testSetUpCall" classname="testselector.TestSelector$testSetUpCall" time="0"/>
  <testcase name="testCover2ChangedMethods" classname="testselector.TestSelector$testCoverTwoChangedMethods" time="0.001"/>
  <testcase name="testChangedTestNotInDifferentMethods" classname="testselector.TestSelector$changedTest" time="0.001"/>
  <testcase name="testEqualTest" classname="testselector.TestSelector$changedTest" time="0"/>
  <testcase name="testChangedTest" classname="testselector.TestSelector$changedTest" time="0"/>
  <testcase name="test1MethodChangedInClinit" classname="testselector.TestSelector$changedInClinit" time="0"/>
  <testcase name="testEqualFieldInAClassWithDifferentClinit" classname="testselector.TestSelector$changedInClinit" time="0"/>
  <testcase name="testEqualMethodInAClassWithDifferentClinit" classname="testselector.TestSelector$changedInClinit" time="0"/>
  <testcase name="testDifferentFieldInAClassWithDifferentClinit" classname="testselector.TestSelector$changedInClinit" time="0"/>
  <testcase name="test2MethodChangedInClinit" classname="testselector.TestSelector$changedInClinit" time="0.001"/>
  <testcase name="test1MethodEqualHierarchy" classname="testselector.TestSelector$testHierarchy" time="0.001"/>
  <testcase name="test2MethodEqualHierarchy" classname="testselector.TestSelector$testHierarchy" time="0"/>
  <testcase name="testChangedHierarchy" classname="testselector.TestSelector$testHierarchy" time="0.001"/>
  <testcase name="test3MethodEqualHierarchy" classname="testselector.TestSelector$testHierarchy" time="0"/>
  <testcase name="test1MethodChangedHierarchy" classname="testselector.TestSelector$testHierarchy" time="0.001"/>
  <testcase name="testEqualHierarchy" classname="testselector.TestSelector$testHierarchy" time="0"/>
  <testcase name="test2MethodChangedHierarchy" classname="testselector.TestSelector$testHierarchy" time="0.001"/>
  <testcase name="finalStaticTestForEqualsMethod" classname="testselector.TestSelector$testFinalConstantsAndMethods" time="0.001"/>
  <testcase name="finalTestForEqualsMethod" classname="testselector.TestSelector$testFinalConstantsAndMethods" time="0"/>
  <testcase name="finalTest" classname="testselector.TestSelector$testFinalConstantsAndMethods" time="0"/>
  <testcase name="finalStaticTest" classname="testselector.TestSelector$testFinalConstantsAndMethods" time="0"/>
  <testcase name="constantTest" classname="testselector.TestSelector$testDifferenceInConstant" time="0"/>
  <testcase name="staticTest" classname="testselector.TestSelector$staticMethod" time="0.001"/>
  <testcase name="staticTestForEqualsMethod" classname="testselector.TestSelector$staticMethod" time="0"/>
  <testcase name="newMethodCheckTest" classname="testselector.TestSelector$newMethodAndTheirTest" time="0"/>
  <testcase name="newMethodTest" classname="testselector.TestSelector$newMethodAndTheirTest" time="0.001"/>
  <testcase name="testDifferentNameOfAVariable" classname="testselector.TestSelector$methodWithDifferentNameOfAVariable" time="0"/>
  <testcase name="testFindDifferentInNameOfAVariable" classname="testselector.TestSelector$methodWithDifferentNameOfAVariable" time="0"/>
  <testcase name="testChangeInSignature" classname="testselector.TestSelector$differentSignature" time="0.001"/>
  <testcase name="testFindChangeInSignature" classname="testselector.TestSelector$differentSignature" time="0"/>
  <testcase name="testFindChangeInSignature2" classname="testselector.TestSelector$differentSignature" time="0"/>
  <testcase name="utilTestDifferenceInAPrivateMethod" classname="testselector.TestSelector$differenceInAPrivateMethod" time="0"/>
  <testcase name="utilTestFindChangeInAPrivateMethod" classname="testselector.TestSelector$differenceInAPrivateMethod" time="0.001"/>
  <testcase name="testselector.TestSelector$abstractTestClass$testMethodOverride" classname="testselector.TestSelector$abstractTestClass$testMethodOverride" time="0">
    <skipped message="The new version of the algorithm not analyzed all tests, but only the tests that cover changed or new methods"/>
  </testcase>
  <testcase name="concreteTestMethodNotOverrideByAnyClassCoverageDifference" classname="testselector.TestSelector$abstractTestClass$testExtendeBy2ClassdAndNotOverride" time="0"/>
  <testcase name="concreteTestMethodNotOverrideByAnyClass" classname="testselector.TestSelector$abstractTestClass$testExtendeBy2ClassdAndNotOverride" time="0">
    <skipped message="The new version of the algorithm not analyzed all tests, but only the tests that cover changed or new methods"/>
  </testcase>
  <testcase name="testInnerTestClass" classname="testselector.TestSelector$hierarchyInTestClass" time="0"/>
  <testcase name="testMethodsEredited" classname="testselector.TestSelector$hierarchyInTestClass" time="0"/>
  <testcase name="testInnerTestClass2" classname="testselector.TestSelector$hierarchyInTestClass" time="0"/>
  <testcase name="testInnerTestClass3" classname="testselector.TestSelector$hierarchyInTestClass" time="0"/>
  <testcase name="presentDifferentTestNotAsChangedMethod" classname="testselector.TestSelector$differenceInSetup" time="0"/>
  <testcase name="presentDifferentTest" classname="testselector.TestSelector$differenceInSetup" time="0"/>
  <testcase name="presentEqualTest" classname="testselector.TestSelector$differenceInSetup" time="0"/>
  <testcase name="setUpNotPresent" classname="testselector.TestSelector$differenceInSetup" time="0.001"/>
  <testcase name="loadProjectClasses" classname="testselector.TestSelector$testLoadProject" time="0"/>
  <testcase name="load2ProjectClasses" classname="testselector.TestSelector$testLoadProject" time="0"/>
</testsuite>