<component name="libraryTable">
  <library name="junit:junit:4.6" type="repository">
    <properties maven-id="junit:junit:4.6" />
    <CLASSES>
      <root url="jar://$MAVEN_REPOSITORY$/junit/junit/4.6/junit-4.6.jar!/" />
    </CLASSES>
    <JAVADOC />
    <SOURCES />
  </library>
</component>